# JRE version: Java(TM) SE Runtime Environment (8.0_111-b14) (build 1.8.0_111-b14)
# Java VM: Java HotSpot(TM) Client VM (25.111-b14 mixed mode windows-x86 )
Heap:
 def new generation   total 28480K, used 18662K [0x04600000, 0x064e0000, 0x09b50000)
  eden space 25344K,  73% used [0x04600000, 0x05839858, 0x05ec0000)
  from space 3136K,   0% used [0x05ec0000, 0x05ec0000, 0x061d0000)
  to   space 3136K,   0% used [0x061d0000, 0x061d0000, 0x064e0000)
 tenured generation   total 63112K, used 37866K [0x09b50000, 0x0d8f2000, 0x14600000)
   the space 63112K,  59% used [0x09b50000, 0x0c04a9e0, 0x0c04aa00, 0x0d8f2000)
 Metaspace       used 13038K, capacity 13498K, committed 13568K, reserved 13696K
GC Heap History (10 events):
Event: 3.875 GC heap before
{Heap before GC invocations=24 (full 8):
 def new generation   total 14848K, used 13737K [0x04600000, 0x05610000, 0x09b50000)
  eden space 13248K, 100% used [0x04600000, 0x052f0000, 0x052f0000)
  from space 1600K,  30% used [0x052f0000, 0x0536a770, 0x05480000)
  to   space 1600K,   0% used [0x05480000, 0x05480000, 0x05610000)
 tenured generation   total 32816K, used 28698K [0x09b50000, 0x0bb5c000, 0x14600000)
   the space 32816K,  87% used [0x09b50000, 0x0b756890, 0x0b756a00, 0x0bb5c000)
 Metaspace       used 12346K, capacity 12788K, committed 12800K, reserved 13696K
Event: 3.892 GC heap after
Heap after GC invocations=25 (full 9):
 def new generation   total 22144K, used 0K [0x04600000, 0x05e00000, 0x09b50000)
  eden space 19712K,   0% used [0x04600000, 0x04600000, 0x05940000)
  from space 2432K,   0% used [0x05940000, 0x05940000, 0x05ba0000)
  to   space 2432K,   0% used [0x05ba0000, 0x05ba0000, 0x05e00000)
 tenured generation   total 49004K, used 29402K [0x09b50000, 0x0cb2b000, 0x14600000)
   the space 49004K,  59% used [0x09b50000, 0x0b8068f0, 0x0b806a00, 0x0cb2b000)
 Metaspace       used 12346K, capacity 12788K, committed 12800K, reserved 13696K
}
Event: 3.925 GC heap before
{Heap before GC invocations=25 (full 9):
 def new generation   total 22144K, used 19186K [0x04600000, 0x05e00000, 0x09b50000)
  eden space 19712K,  97% used [0x04600000, 0x058bc970, 0x05940000)
  from space 2432K,   0% used [0x05940000, 0x05940000, 0x05ba0000)
  to   space 2432K,   0% used [0x05ba0000, 0x05ba0000, 0x05e00000)
 tenured generation   total 49004K, used 29402K [0x09b50000, 0x0cb2b000, 0x14600000)
   the space 49004K,  59% used [0x09b50000, 0x0b8068f0, 0x0b806a00, 0x0cb2b000)
 Metaspace       used 12346K, capacity 12788K, committed 12800K, reserved 13696K
Event: 3.928 GC heap after
Heap after GC invocations=26 (full 9):
 def new generation   total 22144K, used 42K [0x04600000, 0x05e00000, 0x09b50000)
  eden space 19712K,   0% used [0x04600000, 0x04600000, 0x05940000)
  from space 2432K,   1% used [0x05ba0000, 0x05baa970, 0x05e00000)
  to   space 2432K,   0% used [0x05940000, 0x05940000, 0x05ba0000)
 tenured generation   total 49004K, used 37092K [0x09b50000, 0x0cb2b000, 0x14600000)
   the space 49004K,  75% used [0x09b50000, 0x0bf89110, 0x0bf89200, 0x0cb2b000)
 Metaspace       used 12346K, capacity 12788K, committed 12800K, reserved 13696K
}
Event: 3.956 GC heap before
{Heap before GC invocations=26 (full 9):
 def new generation   total 22144K, used 19660K [0x04600000, 0x05e00000, 0x09b50000)
  eden space 19712K,  99% used [0x04600000, 0x059289a8, 0x05940000)
  from space 2432K,   1% used [0x05ba0000, 0x05baa970, 0x05e00000)
  to   space 2432K,   0% used [0x05940000, 0x05940000, 0x05ba0000)
 tenured generation   total 49004K, used 37092K [0x09b50000, 0x0cb2b000, 0x14600000)
   the space 49004K,  75% used [0x09b50000, 0x0bf89110, 0x0bf89200, 0x0cb2b000)
 Metaspace       used 12346K, capacity 12788K, committed 12800K, reserved 13696K
Event: 3.958 GC heap after
Heap after GC invocations=27 (full 9):
 def new generation   total 22144K, used 5K [0x04600000, 0x05e00000, 0x09b50000)
  eden space 19712K,   0% used [0x04600000, 0x04600000, 0x05940000)
  from space 2432K,   0% used [0x05940000, 0x05941650, 0x05ba0000)
  to   space 2432K,   0% used [0x05ba0000, 0x05ba0000, 0x05e00000)
 tenured generation   total 49004K, used 40937K [0x09b50000, 0x0cb2b000, 0x14600000)
   the space 49004K,  83% used [0x09b50000, 0x0c34a520, 0x0c34a600, 0x0cb2b000)
 Metaspace       used 12346K, capacity 12788K, committed 12800K, reserved 13696K
}
Event: 3.999 GC heap before
{Heap before GC invocations=27 (full 9):
 def new generation   total 22144K, used 16979K [0x04600000, 0x05e00000, 0x09b50000)
  eden space 19712K,  86% used [0x04600000, 0x05693600, 0x05940000)
  from space 2432K,   0% used [0x05940000, 0x05941650, 0x05ba0000)
  to   space 2432K,   0% used [0x05ba0000, 0x05ba0000, 0x05e00000)
 tenured generation   total 49004K, used 40937K [0x09b50000, 0x0cb2b000, 0x14600000)
   the space 49004K,  83% used [0x09b50000, 0x0c34a520, 0x0c34a600, 0x0cb2b000)
 Metaspace       used 12346K, capacity 12788K, committed 12800K, reserved 13696K
Event: 4.003 GC heap after
Heap after GC invocations=28 (full 9):
 def new generation   total 22144K, used 240K [0x04600000, 0x05e00000, 0x09b50000)
  eden space 19712K,   0% used [0x04600000, 0x04600000, 0x05940000)
  from space 2432K,   9% used [0x05ba0000, 0x05bdc390, 0x05e00000)
  to   space 2432K,   0% used [0x05940000, 0x05940000, 0x05ba0000)
 tenured generation   total 49004K, used 48627K [0x09b50000, 0x0cb2b000, 0x14600000)
   the space 49004K,  99% used [0x09b50000, 0x0caccd40, 0x0cacce00, 0x0cb2b000)
 Metaspace       used 12346K, capacity 12788K, committed 12800K, reserved 13696K
}
Event: 13.971 GC heap before
{Heap before GC invocations=28 (full 9):
 def new generation   total 22144K, used 19510K [0x04600000, 0x05e00000, 0x09b50000)
  eden space 19712K,  97% used [0x04600000, 0x058d16f8, 0x05940000)
  from space 2432K,   9% used [0x05ba0000, 0x05bdc390, 0x05e00000)
  to   space 2432K,   0% used [0x05940000, 0x05940000, 0x05ba0000)
 tenured generation   total 49004K, used 48627K [0x09b50000, 0x0cb2b000, 0x14600000)
   the space 49004K,  99% used [0x09b50000, 0x0caccd40, 0x0cacce00, 0x0cb2b000)
 Metaspace       used 12985K, capacity 13432K, committed 13440K, reserved 13696K
Event: 13.992 GC heap after
Heap after GC invocations=29 (full 10):
 def new generation   total 28480K, used 0K [0x04600000, 0x064e0000, 0x09b50000)
  eden space 25344K,   0% used [0x04600000, 0x04600000, 0x05ec0000)
  from space 3136K,   0% used [0x05ec0000, 0x05ec0000, 0x061d0000)
  to   space 3136K,   0% used [0x061d0000, 0x061d0000, 0x064e0000)
 tenured generation   total 63112K, used 37866K [0x09b50000, 0x0d8f2000, 0x14600000)
   the space 63112K,  59% used [0x09b50000, 0x0c04a9e0, 0x0c04aa00, 0x0d8f2000)
 Metaspace       used 12985K, capacity 13432K, committed 13440K, reserved 13696K
}

